<?xml version="1.0" encoding="UTF-8"?>
<!-- Generated by org.testng.reporters.JUnitXMLReporter -->
<testsuite ignored="1" hostname="Shubham" failures="0" tests="3" name="Default test" time="11.575" errors="0" timestamp="2023-09-06T17:42:34 IST">
  <testcase classname="TestCase.LogInPageTest" name="loginToAppTest" time="0.284"/>
  <testcase classname="TestCase.LogInPageTest" name="verifyTitleTest" time="0.023"/>
  <testcase classname="TestCase.LogInPageTest" name="verifyZerodhaLogoTest" time="0.042"/>
  <testcase classname="TestCase.LogInPageTest" name="verifyKiteLogoTest" time="0.0">
    <ignored/>
  </testcase> <!-- verifyKiteLogoTest -->
</testsuite> <!-- Default test -->
